MCD/app/build/intermediates/manifest_merge_blame_file/release/processReleaseMainManifest/manifest-merger-blame-release-report.txt
1<?xml version="1.0" encoding="utf-8"?>
2<manifest xmlns:android="http://schemas.android.com/apk/res/android"
3    package="net.cloc3.MCD"
4    android:versionCode="1"
5    android:versionName="1.0" >
6
7    <uses-sdk
8        android:minSdkVersion="24"
9        android:targetSdkVersion="34" />
10
11    <application
11-->src/main/AndroidManifest.xml:3:1-10:15
12        android:extractNativeLibs="false"
13        android:label="MCD CLI" >
13-->src/main/AndroidManifest.xml:3:14-37
14        <activity
14-->src/main/AndroidManifest.xml:4:1-9:12
15            android:name="net.cloc3.MCD.MainActivity"
15-->src/main/AndroidManifest.xml:4:11-52
16            android:exported="true" >
16-->src/main/AndroidManifest.xml:4:53-76
17            <intent-filter>
17-->src/main/AndroidManifest.xml:5:1-8:17
18                <action android:name="android.intent.action.MAIN" />
18-->src/main/AndroidManifest.xml:6:1-53
18-->src/main/AndroidManifest.xml:6:9-50
19
20                <category android:name="android.intent.category.LAUNCHER" />
20-->src/main/AndroidManifest.xml:7:1-61
20-->src/main/AndroidManifest.xml:7:11-58
21            </intent-filter>
22        </activity>
23    </application>
24
25</manifest>